<?xml version="1.0" encoding="UTF-8"?>
<testng-results ignored="0" total="1" passed="1" failed="0" skipped="0">
  <reporter-output>
  </reporter-output>
  <suite started-at="2021-10-13T06:50:56 IST" name="Default suite" finished-at="2021-10-13T06:51:04 IST" duration-ms="7902">
    <groups>
    </groups>
    <test started-at="2021-10-13T06:50:56 IST" name="Default test" finished-at="2021-10-13T06:51:04 IST" duration-ms="7902">
      <class name="parameters.Queryparam">
        <test-method signature="demo()[pri:0, instance:parameters.Queryparam@32910148]" started-at="2021-10-13T06:50:56 IST" name="demo" finished-at="2021-10-13T06:51:04 IST" duration-ms="7793" status="PASS">
          <reporter-output>
          </reporter-output>
        </test-method> <!-- demo -->
      </class> <!-- parameters.Queryparam -->
    </test> <!-- Default test -->
  </suite> <!-- Default suite -->
</testng-results>
